<?xml version="1.0" encoding="utf-8"?><testsuites name="pytest tests"><testsuite name="pytest" errors="0" failures="1" skipped="0" tests="16" time="103.456" timestamp="2026-04-21T13:46:29.481808+00:00" hostname="agent-env-10ca0d96-c10b-4a2f-8560-6c52b5360403"><testcase classname="tests.test_iteration3.TestRegistry" name="test_connectors_list_14" time="0.466" /><testcase classname="tests.test_iteration3.TestConnectorRuns" name="test_nse_sector_indices_run" time="2.317" /><testcase classname="tests.test_iteration3.TestConnectorRuns" name="test_nse_corp_announcements_run" time="1.243" /><testcase classname="tests.test_iteration3.TestConnectorRuns" name="test_nse_corp_actions_run" time="1.403" /><testcase classname="tests.test_iteration3.TestConnectorRuns" name="test_nse_quote_run" time="11.026" /><testcase classname="tests.test_iteration3.TestConnectorRuns" name="test_nse_shareholding_run" time="25.123" /><testcase classname="tests.test_iteration3.TestConnectorRuns" name="test_fmp_fundamentals_run_skip" time="0.192" /><testcase classname="tests.test_iteration3.TestConnectorRuns" name="test_fred_macro_run_skip" time="0.146" /><testcase classname="tests.test_iteration3.TestFlowEndpoints" name="test_sector_indices" time="0.124" /><testcase classname="tests.test_iteration3.TestFlowEndpoints" name="test_corporate_announcements" time="0.113" /><testcase classname="tests.test_iteration3.TestFlowEndpoints" name="test_corporate_actions" time="0.119" /><testcase classname="tests.test_iteration3.TestFlowEndpoints" name="test_shareholding_reliance" time="0.113" /><testcase classname="tests.test_iteration3.TestFlowEndpoints" name="test_fred_empty_ok" time="0.115" /><testcase classname="tests.test_iteration3.TestFlowEndpoints" name="test_fmp_for_symbol_null_ok" time="0.114" /><testcase classname="tests.test_iteration3.TestSettings" name="test_fmp_fred_keys_roundtrip" time="0.564" /><testcase classname="tests.test_iteration3.TestReportSummary" name="test_latest_summary_has_new_fields" time="60.163"><failure message="AssertionError: The preview environment is not responding. It may be starting up.&#10;  &#10;assert 502 == 200&#10; +  where 502 = &lt;Response [502]&gt;.status_code">tests/test_iteration3.py:189: in test_latest_summary_has_new_fields
    assert rs.status_code == 200, rs.text
E   AssertionError: The preview environment is not responding. It may be starting up.
E     
E   assert 502 == 200
E    +  where 502 = &lt;Response [502]&gt;.status_code</failure></testcase></testsuite></testsuites>