<?xml version="1.0" encoding="utf-8"?><testsuites name="pytest tests"><testsuite name="pytest" errors="0" failures="2" skipped="0" tests="36" time="27.673" timestamp="2026-04-21T12:10:30.747864+00:00" hostname="agent-env-10ca0d96-c10b-4a2f-8560-6c52b5360403"><testcase classname="tests.backend_test.TestHealth" name="test_health" time="2.860" /><testcase classname="tests.backend_test.TestHealth" name="test_readiness" time="0.148" /><testcase classname="tests.backend_test.TestAuth" name="test_admin_login" time="0.334" /><testcase classname="tests.backend_test.TestAuth" name="test_me" time="0.099" /><testcase classname="tests.backend_test.TestAuth" name="test_bad_login" time="0.322" /><testcase classname="tests.backend_test.TestAuth" name="test_register_and_duplicate" time="0.473" /><testcase classname="tests.backend_test.TestAuth" name="test_change_password_roundtrip" time="1.648" /><testcase classname="tests.backend_test.TestAdminGating" name="test_non_admin_blocked_on_connectors" time="0.471" /><testcase classname="tests.backend_test.TestAdminGating" name="test_non_admin_blocked_on_settings" time="0.118" /><testcase classname="tests.backend_test.TestAdminGating" name="test_unauthenticated_blocked" time="0.540" /><testcase classname="tests.backend_test.TestPreferences" name="test_get_default_prefs" time="0.104" /><testcase classname="tests.backend_test.TestPreferences" name="test_update_persist" time="0.238" /><testcase classname="tests.backend_test.TestStocks" name="test_universe_count" time="0.098" /><testcase classname="tests.backend_test.TestStocks" name="test_stock_detail" time="0.113" /><testcase classname="tests.backend_test.TestStocks" name="test_stock_detail_bad_symbol" time="0.141" /><testcase classname="tests.backend_test.TestStocks" name="test_stock_history" time="0.510" /><testcase classname="tests.backend_test.TestReports" name="test_latest_report" time="0.116" /><testcase classname="tests.backend_test.TestReports" name="test_history" time="0.103"><failure message="assert 500 == 200&#10; +  where 500 = &lt;Response [500]&gt;.status_code">tests/backend_test.py:181: in test_history
    assert r.status_code == 200
E   assert 500 == 200
E    +  where 500 = &lt;Response [500]&gt;.status_code</failure></testcase><testcase classname="tests.backend_test.TestReports" name="test_report_detail" time="0.240" /><testcase classname="tests.backend_test.TestReports" name="test_ideas_list" time="0.097" /><testcase classname="tests.backend_test.TestReports" name="test_scores_list" time="0.116" /><testcase classname="tests.backend_test.TestReports" name="test_score_detail" time="0.133" /><testcase classname="tests.backend_test.TestMacroNews" name="test_macro" time="0.141" /><testcase classname="tests.backend_test.TestMacroNews" name="test_sectors" time="0.149" /><testcase classname="tests.backend_test.TestMacroNews" name="test_news" time="0.119" /><testcase classname="tests.backend_test.TestAdmin" name="test_connectors_list" time="0.117" /><testcase classname="tests.backend_test.TestAdmin" name="test_connector_run_macro" time="1.925" /><testcase classname="tests.backend_test.TestAdmin" name="test_settings_roundtrip" time="0.465" /><testcase classname="tests.backend_test.TestAdmin" name="test_scheduler" time="0.100" /><testcase classname="tests.backend_test.TestAdmin" name="test_test_telegram_dryrun" time="0.127" /><testcase classname="tests.backend_test.TestAdmin" name="test_test_email_dryrun" time="0.117" /><testcase classname="tests.backend_test.TestAdmin" name="test_deliveries" time="0.112" /><testcase classname="tests.backend_test.TestAdmin" name="test_users_list" time="0.130" /><testcase classname="tests.backend_test.TestAdmin" name="test_user_role_change_and_reset" time="0.483"><failure message="StopIteration">tests/backend_test.py:299: in test_user_role_change_and_reset
    tgt = next(u for u in users if u["email"] == email)
          ^^^^^^^^^^^^^^^^^^^^^^^^^^^^^^^^^^^^^^^^^^^^^
E   StopIteration</failure></testcase><testcase classname="tests.backend_test.TestAdmin" name="test_seed_universe_idempotent" time="0.122" /><testcase classname="tests.backend_test.TestRunSync" name="test_run_sync_skip_llm" time="14.404" /></testsuite></testsuites>