<?xml version="1.0" encoding="utf-8"?><testsuites name="pytest tests"><testsuite name="pytest" errors="0" failures="0" skipped="0" tests="9" time="15.906" timestamp="2026-04-21T12:15:46.121396+00:00" hostname="agent-env-10ca0d96-c10b-4a2f-8560-6c52b5360403"><testcase classname="tests.backend_test.TestAuth" name="test_admin_login" time="0.403" /><testcase classname="tests.backend_test.TestReports" name="test_latest_report" time="0.106" /><testcase classname="tests.backend_test.TestReports" name="test_history" time="0.116" /><testcase classname="tests.backend_test.TestReports" name="test_report_detail" time="0.230" /><testcase classname="tests.backend_test.TestReports" name="test_ideas_list" time="0.433" /><testcase classname="tests.backend_test.TestReports" name="test_scores_list" time="0.134" /><testcase classname="tests.backend_test.TestMacroNews" name="test_macro" time="0.112" /><testcase classname="tests.backend_test.TestAdmin" name="test_deliveries" time="0.107" /><testcase classname="tests.backend_test.TestRunSync" name="test_run_sync_skip_llm" time="14.200" /></testsuite></testsuites>